<?xml version="1.0" encoding="UTF-8"?>
<testng-results ignored="0" total="2" passed="2" failed="0" skipped="0">
  <reporter-output>
  </reporter-output>
  <suite started-at="2019-12-01T16:38:44 IST" name="Suite" finished-at="2019-12-01T16:39:52 IST" duration-ms="67959">
    <groups>
    </groups>
    <test started-at="2019-12-01T16:38:44 IST" name="Test" finished-at="2019-12-01T16:39:52 IST" duration-ms="67959">
      <class name="SeleniumTest.Testselenium">
        <test-method is-config="true" signature="launch()[pri:0, instance:SeleniumTest.Testselenium@37918c79]" started-at="2019-12-01T16:38:44 IST" name="launch" finished-at="2019-12-01T16:39:24 IST" duration-ms="39240" status="PASS">
          <reporter-output>
          </reporter-output>
        </test-method> <!-- launch -->
        <test-method signature="VerifyingTitle()[pri:0, instance:SeleniumTest.Testselenium@37918c79]" started-at="2019-12-01T16:39:24 IST" name="VerifyingTitle" finished-at="2019-12-01T16:39:25 IST" duration-ms="1379" status="PASS">
          <reporter-output>
          </reporter-output>
        </test-method> <!-- VerifyingTitle -->
        <test-method is-config="true" signature="close()[pri:0, instance:SeleniumTest.Testselenium@37918c79]" started-at="2019-12-01T16:39:25 IST" name="close" finished-at="2019-12-01T16:39:27 IST" duration-ms="2489" status="PASS">
          <reporter-output>
          </reporter-output>
        </test-method> <!-- close -->
        <test-method is-config="true" signature="launch()[pri:0, instance:SeleniumTest.Testselenium@37918c79]" started-at="2019-12-01T16:39:27 IST" name="launch" finished-at="2019-12-01T16:39:49 IST" duration-ms="21812" status="PASS">
          <reporter-output>
          </reporter-output>
        </test-method> <!-- launch -->
        <test-method signature="Verifyurl()[pri:0, instance:SeleniumTest.Testselenium@37918c79]" started-at="2019-12-01T16:39:49 IST" name="Verifyurl" finished-at="2019-12-01T16:39:51 IST" duration-ms="1525" status="PASS">
          <reporter-output>
          </reporter-output>
        </test-method> <!-- Verifyurl -->
        <test-method is-config="true" signature="close()[pri:0, instance:SeleniumTest.Testselenium@37918c79]" started-at="2019-12-01T16:39:51 IST" name="close" finished-at="2019-12-01T16:39:52 IST" duration-ms="1013" status="PASS">
          <reporter-output>
          </reporter-output>
        </test-method> <!-- close -->
      </class> <!-- SeleniumTest.Testselenium -->
    </test> <!-- Test -->
  </suite> <!-- Suite -->
</testng-results>
